0 info it worked if it ends with ok
1 verbose cli [ '/usr/local/bin/node',
1 verbose cli   '/usr/local/bin/npm',
1 verbose cli   'install',
1 verbose cli   '--save',
1 verbose cli   'Git_Push' ]
2 info using npm@1.4.9
3 info using node@v0.10.28
4 warn package.json indexof@0.0.1 No repository field.
5 warn package.json socket.io-redis@0.1.3 No repository field.
6 verbose readDependencies using package.json deps
7 verbose cache add [ 'Git_Push', null ]
8 verbose cache add name=undefined spec="Git_Push" args=["Git_Push",null]
9 verbose parsed url { protocol: null,
9 verbose parsed url   slashes: null,
9 verbose parsed url   auth: null,
9 verbose parsed url   host: null,
9 verbose parsed url   port: null,
9 verbose parsed url   hostname: null,
9 verbose parsed url   hash: null,
9 verbose parsed url   search: null,
9 verbose parsed url   query: null,
9 verbose parsed url   pathname: 'Git_Push',
9 verbose parsed url   path: 'Git_Push',
9 verbose parsed url   href: 'Git_Push' }
10 silly lockFile f061590a-Git-Push Git_Push
11 verbose lock Git_Push /home/colin/.npm/f061590a-Git-Push.lock
12 silly lockFile f061590a-Git-Push Git_Push
13 silly lockFile f061590a-Git-Push Git_Push
14 verbose addNamed [ 'Git_Push', '' ]
15 verbose addNamed [ null, '*' ]
16 silly lockFile 5e22c6da-Git-Push Git_Push@
17 verbose lock Git_Push@ /home/colin/.npm/5e22c6da-Git-Push.lock
18 silly addNameRange { name: 'Git_Push', range: '*', hasData: false }
19 verbose url raw Git_Push
20 verbose url resolving [ 'https://registry.npmjs.org/', './Git_Push' ]
21 verbose url resolved https://registry.npmjs.org/Git_Push
22 info trying registry request attempt 1 at 11:23:49
23 http GET https://registry.npmjs.org/Git_Push
24 http 404 https://registry.npmjs.org/Git_Push
25 verbose headers { date: 'Wed, 20 Aug 2014 16:23:50 GMT',
25 verbose headers   server: 'CouchDB/1.5.0 (Erlang OTP/R16B03)',
25 verbose headers   'content-type': 'application/json',
25 verbose headers   'cache-control': 'max-age=0',
25 verbose headers   'content-length': '52',
25 verbose headers   'accept-ranges': 'bytes',
25 verbose headers   via: '1.1 varnish',
25 verbose headers   age: '0',
25 verbose headers   'x-served-by': 'cache-ord1730-ORD',
25 verbose headers   'x-cache': 'MISS',
25 verbose headers   'x-cache-hits': '0',
25 verbose headers   'x-timer': 'S1408551830.183311,VS0,VE161',
25 verbose headers   'keep-alive': 'timeout=10, max=50',
25 verbose headers   connection: 'Keep-Alive' }
26 silly registry.get cb [ 404,
26 silly registry.get   { date: 'Wed, 20 Aug 2014 16:23:50 GMT',
26 silly registry.get     server: 'CouchDB/1.5.0 (Erlang OTP/R16B03)',
26 silly registry.get     'content-type': 'application/json',
26 silly registry.get     'cache-control': 'max-age=0',
26 silly registry.get     'content-length': '52',
26 silly registry.get     'accept-ranges': 'bytes',
26 silly registry.get     via: '1.1 varnish',
26 silly registry.get     age: '0',
26 silly registry.get     'x-served-by': 'cache-ord1730-ORD',
26 silly registry.get     'x-cache': 'MISS',
26 silly registry.get     'x-cache-hits': '0',
26 silly registry.get     'x-timer': 'S1408551830.183311,VS0,VE161',
26 silly registry.get     'keep-alive': 'timeout=10, max=50',
26 silly registry.get     connection: 'Keep-Alive' } ]
27 silly lockFile 5e22c6da-Git-Push Git_Push@
28 silly lockFile 5e22c6da-Git-Push Git_Push@
29 error 404 404 Not Found: Git_Push
29 error 404
29 error 404 'Git_Push' is not in the npm registry.
29 error 404 You should bug the author to publish it
29 error 404 It was specified as a dependency of 'novation-mobile'
29 error 404
29 error 404 Note that you can also install from a
29 error 404 tarball, folder, or http url, or git url.
30 error System Linux 3.13.0-34-generic
31 error command "/usr/local/bin/node" "/usr/local/bin/npm" "install" "--save" "Git_Push"
32 error cwd /home/colin/Documents/novation/novation-mobile
33 error node -v v0.10.28
34 error npm -v 1.4.9
35 error code E404
36 verbose exit [ 1, true ]
